{"C:\\Users\\oscar\\workspace\\Duoc\\fullstackIII\\Unidad3\\Parcial3\\app\\smartLogix-backend\\apps\\ms-orders\\src\\app.module.ts": {"path":"C:\\Users\\oscar\\workspace\\Duoc\\fullstackIII\\Unidad3\\Parcial3\\app\\smartLogix-backend\\apps\\ms-orders\\src\\app.module.ts","statementMap":{"0":{"start":{"line":1,"column":0},"end":{"line":1,"column":40}},"1":{"start":{"line":2,"column":0},"end":{"line":2,"column":48}},"2":{"start":{"line":3,"column":0},"end":{"line":3,"column":54}},"3":{"start":{"line":4,"column":0},"end":{"line":4,"column":46}},"4":{"start":{"line":26,"column":7},"end":{"line":26,"column":null}},"5":{"start":{"line":26,"column":13},"end":{"line":26,"column":22}},"6":{"start":{"line":26,"column":13},"end":{"line":26,"column":null}}},"fnMap":{},"branchMap":{"0":{"loc":{"start":{"line":13,"column":12},"end":{"line":13,"column":46}},"type":"binary-expr","locations":[{"start":{"line":13,"column":12},"end":{"line":13,"column":31}},{"start":{"line":13,"column":35},"end":{"line":13,"column":46}}]},"1":{"loc":{"start":{"line":14,"column":21},"end":{"line":14,"column":50}},"type":"binary-expr","locations":[{"start":{"line":14,"column":21},"end":{"line":14,"column":40}},{"start":{"line":14,"column":44},"end":{"line":14,"column":50}}]},"2":{"loc":{"start":{"line":15,"column":16},"end":{"line":15,"column":52}},"type":"binary-expr","locations":[{"start":{"line":15,"column":16},"end":{"line":15,"column":35}},{"start":{"line":15,"column":39},"end":{"line":15,"column":52}}]},"3":{"loc":{"start":{"line":16,"column":16},"end":{"line":16,"column":60}},"type":"binary-expr","locations":[{"start":{"line":16,"column":16},"end":{"line":16,"column":39}},{"start":{"line":16,"column":43},"end":{"line":16,"column":60}}]},"4":{"loc":{"start":{"line":17,"column":16},"end":{"line":17,"column":58}},"type":"binary-expr","locations":[{"start":{"line":17,"column":16},"end":{"line":17,"column":35}},{"start":{"line":17,"column":39},"end":{"line":17,"column":58}}]}},"s":{"0":0,"1":0,"2":0,"3":0,"4":0,"5":0,"6":0},"f":{},"b":{"0":[0,0],"1":[0,0],"2":[0,0],"3":[0,0],"4":[0,0]}}
,"C:\\Users\\oscar\\workspace\\Duoc\\fullstackIII\\Unidad3\\Parcial3\\app\\smartLogix-backend\\apps\\ms-orders\\src\\main.ts": {"path":"C:\\Users\\oscar\\workspace\\Duoc\\fullstackIII\\Unidad3\\Parcial3\\app\\smartLogix-backend\\apps\\ms-orders\\src\\main.ts","statementMap":{"0":{"start":{"line":1,"column":0},"end":{"line":1,"column":43}},"1":{"start":{"line":2,"column":0},"end":{"line":2,"column":41}},"2":{"start":{"line":3,"column":0},"end":{"line":3,"column":65}},"3":{"start":{"line":4,"column":0},"end":{"line":4,"column":48}},"4":{"start":{"line":7,"column":14},"end":{"line":7,"column":49}},"5":{"start":{"line":9,"column":2},"end":{"line":9,"column":29}},"6":{"start":{"line":10,"column":2},"end":{"line":10,"column":43}},"7":{"start":{"line":12,"column":17},"end":{"line":18,"column":12}},"8":{"start":{"line":20,"column":19},"end":{"line":20,"column":60}},"9":{"start":{"line":23,"column":2},"end":{"line":23,"column":45}},"10":{"start":{"line":25,"column":17},"end":{"line":25,"column":41}},"11":{"start":{"line":26,"column":2},"end":{"line":26,"column":27}},"12":{"start":{"line":27,"column":2},"end":{"line":27,"column":72}},"13":{"start":{"line":28,"column":2},"end":{"line":28,"column":75}},"14":{"start":{"line":30,"column":0},"end":{"line":30,"column":12}}},"fnMap":{"0":{"name":"bootstrap","decl":{"start":{"line":6,"column":15},"end":{"line":6,"column":24}},"loc":{"start":{"line":6,"column":24},"end":{"line":29,"column":1}}}},"branchMap":{"0":{"loc":{"start":{"line":25,"column":17},"end":{"line":25,"column":41}},"type":"binary-expr","locations":[{"start":{"line":25,"column":17},"end":{"line":25,"column":33}},{"start":{"line":25,"column":37},"end":{"line":25,"column":41}}]}},"s":{"0":0,"1":0,"2":0,"3":0,"4":0,"5":0,"6":0,"7":0,"8":0,"9":0,"10":0,"11":0,"12":0,"13":0,"14":0},"f":{"0":0},"b":{"0":[0,0]}}
,"C:\\Users\\oscar\\workspace\\Duoc\\fullstackIII\\Unidad3\\Parcial3\\app\\smartLogix-backend\\apps\\ms-orders\\src\\orders\\orders.controller.ts": {"path":"C:\\Users\\oscar\\workspace\\Duoc\\fullstackIII\\Unidad3\\Parcial3\\app\\smartLogix-backend\\apps\\ms-orders\\src\\orders\\orders.controller.ts","statementMap":{"0":{"start":{"line":1,"column":0},"end":{"line":1,"column":119}},"1":{"start":{"line":2,"column":0},"end":{"line":2,"column":49}},"2":{"start":{"line":3,"column":0},"end":{"line":3,"column":56}},"3":{"start":{"line":4,"column":0},"end":{"line":4,"column":69}},"4":{"start":{"line":5,"column":0},"end":{"line":5,"column":69}},"5":{"start":{"line":9,"column":7},"end":{"line":50,"column":null}},"6":{"start":{"line":10,"column":31},"end":{"line":10,"column":46}},"7":{"start":{"line":15,"column":4},"end":{"line":15,"column":40}},"8":{"start":{"line":21,"column":4},"end":{"line":21,"column":48}},"9":{"start":{"line":33,"column":4},"end":{"line":33,"column":53}},"10":{"start":{"line":42,"column":4},"end":{"line":42,"column":69}},"11":{"start":{"line":48,"column":4},"end":{"line":48,"column":41}},"12":{"start":{"line":9,"column":13},"end":{"line":9,"column":29}},"13":{"start":{"line":14,"column":2},"end":{"line":16,"column":null}},"14":{"start":{"line":20,"column":2},"end":{"line":22,"column":null}},"15":{"start":{"line":32,"column":2},"end":{"line":34,"column":null}},"16":{"start":{"line":38,"column":2},"end":{"line":43,"column":null}},"17":{"start":{"line":47,"column":2},"end":{"line":49,"column":null}},"18":{"start":{"line":9,"column":13},"end":{"line":50,"column":null}}},"fnMap":{"0":{"name":"(anonymous_4)","decl":{"start":{"line":10,"column":2},"end":{"line":10,"column":31}},"loc":{"start":{"line":10,"column":59},"end":{"line":10,"column":63}}},"1":{"name":"(anonymous_5)","decl":{"start":{"line":14,"column":2},"end":{"line":14,"column":9}},"loc":{"start":{"line":14,"column":9},"end":{"line":16,"column":3}}},"2":{"name":"(anonymous_6)","decl":{"start":{"line":20,"column":2},"end":{"line":20,"column":15}},"loc":{"start":{"line":20,"column":53},"end":{"line":22,"column":3}}},"3":{"name":"(anonymous_7)","decl":{"start":{"line":32,"column":2},"end":{"line":32,"column":8}},"loc":{"start":{"line":32,"column":47},"end":{"line":34,"column":3}}},"4":{"name":"(anonymous_8)","decl":{"start":{"line":38,"column":2},"end":{"line":38,"column":14}},"loc":{"start":{"line":40,"column":54},"end":{"line":43,"column":3}}},"5":{"name":"(anonymous_9)","decl":{"start":{"line":47,"column":2},"end":{"line":47,"column":8}},"loc":{"start":{"line":47,"column":46},"end":{"line":49,"column":3}}}},"branchMap":{"0":{"loc":{"start":{"line":32,"column":33},"end":{"line":32,"column":null}},"type":"cond-expr","locations":[{"start":{"line":32,"column":47},"end":{"line":32,"column":null}},{"start":{"line":32,"column":47},"end":{"line":32,"column":null}}]},"1":{"loc":{"start":{"line":32,"column":33},"end":{"line":32,"column":47}},"type":"binary-expr","locations":[{"start":{"line":32,"column":33},"end":{"line":32,"column":null}},{"start":{"line":32,"column":33},"end":{"line":32,"column":47}}]},"2":{"loc":{"start":{"line":40,"column":34},"end":{"line":40,"column":null}},"type":"cond-expr","locations":[{"start":{"line":40,"column":54},"end":{"line":40,"column":null}},{"start":{"line":40,"column":54},"end":{"line":40,"column":null}}]},"3":{"loc":{"start":{"line":40,"column":34},"end":{"line":40,"column":54}},"type":"binary-expr","locations":[{"start":{"line":40,"column":34},"end":{"line":40,"column":null}},{"start":{"line":40,"column":34},"end":{"line":40,"column":54}}]},"4":{"loc":{"start":{"line":10,"column":46},"end":{"line":10,"column":62}},"type":"cond-expr","locations":[{"start":{"line":10,"column":59},"end":{"line":10,"column":62}},{"start":{"line":10,"column":59},"end":{"line":10,"column":62}}]},"5":{"loc":{"start":{"line":10,"column":46},"end":{"line":10,"column":59}},"type":"binary-expr","locations":[{"start":{"line":10,"column":46},"end":{"line":10,"column":62}},{"start":{"line":10,"column":46},"end":{"line":10,"column":59}}]}},"s":{"0":0,"1":0,"2":0,"3":0,"4":0,"5":0,"6":0,"7":0,"8":0,"9":0,"10":0,"11":0,"12":0,"13":0,"14":0,"15":0,"16":0,"17":0,"18":0},"f":{"0":0,"1":0,"2":0,"3":0,"4":0,"5":0},"b":{"0":[0,0],"1":[0,0],"2":[0,0],"3":[0,0],"4":[0,0],"5":[0,0]}}
,"C:\\Users\\oscar\\workspace\\Duoc\\fullstackIII\\Unidad3\\Parcial3\\app\\smartLogix-backend\\apps\\ms-orders\\src\\orders\\orders.module.ts": {"path":"C:\\Users\\oscar\\workspace\\Duoc\\fullstackIII\\Unidad3\\Parcial3\\app\\smartLogix-backend\\apps\\ms-orders\\src\\orders\\orders.module.ts","statementMap":{"0":{"start":{"line":1,"column":0},"end":{"line":1,"column":40}},"1":{"start":{"line":2,"column":0},"end":{"line":2,"column":48}},"2":{"start":{"line":3,"column":0},"end":{"line":3,"column":43}},"3":{"start":{"line":4,"column":0},"end":{"line":4,"column":49}},"4":{"start":{"line":5,"column":0},"end":{"line":5,"column":55}},"5":{"start":{"line":6,"column":0},"end":{"line":6,"column":48}},"6":{"start":{"line":7,"column":0},"end":{"line":7,"column":57}},"7":{"start":{"line":18,"column":7},"end":{"line":18,"column":null}},"8":{"start":{"line":18,"column":13},"end":{"line":18,"column":25}},"9":{"start":{"line":18,"column":13},"end":{"line":18,"column":null}}},"fnMap":{},"branchMap":{},"s":{"0":0,"1":0,"2":0,"3":0,"4":0,"5":0,"6":0,"7":0,"8":0,"9":0},"f":{},"b":{}}
,"C:\\Users\\oscar\\workspace\\Duoc\\fullstackIII\\Unidad3\\Parcial3\\app\\smartLogix-backend\\apps\\ms-orders\\src\\orders\\orders.service.ts": {"path":"C:\\Users\\oscar\\workspace\\Duoc\\fullstackIII\\Unidad3\\Parcial3\\app\\smartLogix-backend\\apps\\ms-orders\\src\\orders\\orders.service.ts","statementMap":{"0":{"start":{"line":1,"column":0},"end":{"line":1,"column":114}},"1":{"start":{"line":2,"column":0},"end":{"line":2,"column":51}},"2":{"start":{"line":3,"column":0},"end":{"line":3,"column":49}},"3":{"start":{"line":4,"column":0},"end":{"line":4,"column":44}},"4":{"start":{"line":5,"column":0},"end":{"line":5,"column":38}},"5":{"start":{"line":6,"column":0},"end":{"line":6,"column":61}},"6":{"start":{"line":7,"column":0},"end":{"line":7,"column":57}},"7":{"start":{"line":12,"column":7},"end":{"line":176,"column":null}},"8":{"start":{"line":15,"column":21},"end":{"line":15,"column":38}},"9":{"start":{"line":16,"column":21},"end":{"line":16,"column":33}},"10":{"start":{"line":17,"column":21},"end":{"line":17,"column":34}},"11":{"start":{"line":21,"column":4},"end":{"line":28,"column":7}},"12":{"start":{"line":32,"column":4},"end":{"line":51,"column":5}},"13":{"start":{"line":33,"column":20},"end":{"line":41,"column":8}},"14":{"start":{"line":43,"column":6},"end":{"line":45,"column":7}},"15":{"start":{"line":44,"column":8},"end":{"line":44,"column":94}},"16":{"start":{"line":47,"column":6},"end":{"line":47,"column":19}},"17":{"start":{"line":49,"column":6},"end":{"line":49,"column":73}},"18":{"start":{"line":50,"column":6},"end":{"line":50,"column":105}},"19":{"start":{"line":55,"column":22},"end":{"line":55,"column":36}},"20":{"start":{"line":56,"column":25},"end":{"line":56,"column":62}},"21":{"start":{"line":58,"column":22},"end":{"line":58,"column":23}},"22":{"start":{"line":59,"column":32},"end":{"line":59,"column":34}},"23":{"start":{"line":62,"column":4},"end":{"line":92,"column":5}},"24":{"start":{"line":63,"column":38},"end":{"line":63,"column":42}},"25":{"start":{"line":66,"column":6},"end":{"line":73,"column":7}},"26":{"start":{"line":67,"column":25},"end":{"line":68,"column":null}},"27":{"start":{"line":70,"column":8},"end":{"line":70,"column":36}},"28":{"start":{"line":72,"column":8},"end":{"line":72,"column":97}},"29":{"start":{"line":76,"column":6},"end":{"line":80,"column":7}},"30":{"start":{"line":77,"column":8},"end":{"line":79,"column":10}},"31":{"start":{"line":82,"column":24},"end":{"line":82,"column":53}},"32":{"start":{"line":83,"column":23},"end":{"line":83,"column":43}},"33":{"start":{"line":84,"column":6},"end":{"line":84,"column":30}},"34":{"start":{"line":87,"column":6},"end":{"line":91,"column":9}},"35":{"start":{"line":95,"column":24},"end":{"line":95,"column":59}},"36":{"start":{"line":96,"column":4},"end":{"line":96,"column":32}},"37":{"start":{"line":97,"column":4},"end":{"line":97,"column":41}},"38":{"start":{"line":99,"column":4},"end":{"line":142,"column":5}},"39":{"start":{"line":101,"column":20},"end":{"line":101,"column":31}},"40":{"start":{"line":102,"column":6},"end":{"line":102,"column":41}},"41":{"start":{"line":103,"column":6},"end":{"line":103,"column":38}},"42":{"start":{"line":104,"column":25},"end":{"line":104,"column":62}},"43":{"start":{"line":107,"column":6},"end":{"line":122,"column":7}},"44":{"start":{"line":108,"column":26},"end":{"line":108,"column":41}},"45":{"start":{"line":109,"column":8},"end":{"line":109,"column":42}},"46":{"start":{"line":110,"column":8},"end":{"line":110,"column":50}},"47":{"start":{"line":111,"column":8},"end":{"line":111,"column":48}},"48":{"start":{"line":112,"column":8},"end":{"line":112,"column":46}},"49":{"start":{"line":114,"column":8},"end":{"line":114,"column":50}},"50":{"start":{"line":117,"column":8},"end":{"line":121,"column":10}},"51":{"start":{"line":125,"column":6},"end":{"line":125,"column":44}},"52":{"start":{"line":127,"column":6},"end":{"line":134,"column":8}},"53":{"start":{"line":137,"column":6},"end":{"line":137,"column":46}},"54":{"start":{"line":138,"column":6},"end":{"line":138,"column":79}},"55":{"start":{"line":139,"column":6},"end":{"line":139,"column":123}},"56":{"start":{"line":141,"column":6},"end":{"line":141,"column":34}},"57":{"start":{"line":146,"column":4},"end":{"line":158,"column":5}},"58":{"start":{"line":147,"column":20},"end":{"line":147,"column":82}},"59":{"start":{"line":149,"column":6},"end":{"line":151,"column":7}},"60":{"start":{"line":150,"column":8},"end":{"line":150,"column":77}},"61":{"start":{"line":153,"column":6},"end":{"line":153,"column":49}},"62":{"start":{"line":154,"column":6},"end":{"line":154,"column":52}},"63":{"start":{"line":156,"column":6},"end":{"line":156,"column":58}},"64":{"start":{"line":156,"column":46},"end":{"line":156,"column":58}},"65":{"start":{"line":157,"column":6},"end":{"line":157,"column":99}},"66":{"start":{"line":162,"column":4},"end":{"line":174,"column":5}},"67":{"start":{"line":163,"column":20},"end":{"line":163,"column":82}},"68":{"start":{"line":165,"column":6},"end":{"line":167,"column":7}},"69":{"start":{"line":166,"column":6},"end":{"line":166,"column":75}},"70":{"start":{"line":169,"column":6},"end":{"line":169,"column":47}},"71":{"start":{"line":170,"column":6},"end":{"line":170,"column":94}},"72":{"start":{"line":172,"column":6},"end":{"line":172,"column":58}},"73":{"start":{"line":172,"column":46},"end":{"line":172,"column":58}},"74":{"start":{"line":173,"column":6},"end":{"line":173,"column":93}},"75":{"start":{"line":12,"column":13},"end":{"line":12,"column":26}},"76":{"start":{"line":12,"column":13},"end":{"line":176,"column":null}}},"fnMap":{"0":{"name":"(anonymous_4)","decl":{"start":{"line":13,"column":2},"end":{"line":13,"column":null}},"loc":{"start":{"line":17,"column":45},"end":{"line":18,"column":6}}},"1":{"name":"(anonymous_5)","decl":{"start":{"line":20,"column":2},"end":{"line":20,"column":7}},"loc":{"start":{"line":20,"column":15},"end":{"line":29,"column":3}}},"2":{"name":"(anonymous_6)","decl":{"start":{"line":31,"column":2},"end":{"line":31,"column":7}},"loc":{"start":{"line":31,"column":37},"end":{"line":52,"column":3}}},"3":{"name":"(anonymous_7)","decl":{"start":{"line":54,"column":2},"end":{"line":54,"column":7}},"loc":{"start":{"line":54,"column":45},"end":{"line":143,"column":3}}},"4":{"name":"(anonymous_8)","decl":{"start":{"line":145,"column":2},"end":{"line":145,"column":7}},"loc":{"start":{"line":145,"column":80},"end":{"line":159,"column":3}}},"5":{"name":"(anonymous_9)","decl":{"start":{"line":161,"column":2},"end":{"line":161,"column":7}},"loc":{"start":{"line":161,"column":30},"end":{"line":175,"column":3}}}},"branchMap":{"0":{"loc":{"start":{"line":43,"column":6},"end":{"line":45,"column":7}},"type":"if","locations":[{"start":{"line":43,"column":6},"end":{"line":45,"column":7}},{"start":{},"end":{}}]},"1":{"loc":{"start":{"line":76,"column":6},"end":{"line":80,"column":7}},"type":"if","locations":[{"start":{"line":76,"column":6},"end":{"line":80,"column":7}},{"start":{},"end":{}}]},"2":{"loc":{"start":{"line":149,"column":6},"end":{"line":151,"column":7}},"type":"if","locations":[{"start":{"line":149,"column":6},"end":{"line":151,"column":7}},{"start":{},"end":{}}]},"3":{"loc":{"start":{"line":156,"column":6},"end":{"line":156,"column":58}},"type":"if","locations":[{"start":{"line":156,"column":6},"end":{"line":156,"column":58}},{"start":{},"end":{}}]},"4":{"loc":{"start":{"line":165,"column":6},"end":{"line":167,"column":7}},"type":"if","locations":[{"start":{"line":165,"column":6},"end":{"line":167,"column":7}},{"start":{},"end":{}}]},"5":{"loc":{"start":{"line":172,"column":6},"end":{"line":172,"column":58}},"type":"if","locations":[{"start":{"line":172,"column":6},"end":{"line":172,"column":58}},{"start":{},"end":{}}]},"6":{"loc":{"start":{"line":15,"column":38},"end":{"line":15,"column":55}},"type":"cond-expr","locations":[{"start":{"line":15,"column":48},"end":{"line":15,"column":55}},{"start":{"line":15,"column":48},"end":{"line":15,"column":55}}]},"7":{"loc":{"start":{"line":15,"column":38},"end":{"line":15,"column":48}},"type":"binary-expr","locations":[{"start":{"line":15,"column":38},"end":{"line":15,"column":55}},{"start":{"line":15,"column":38},"end":{"line":15,"column":48}}]},"8":{"loc":{"start":{"line":15,"column":48},"end":{"line":16,"column":null}},"type":"cond-expr","locations":[{"start":{"line":16,"column":43},"end":{"line":16,"column":null}},{"start":{"line":16,"column":43},"end":{"line":16,"column":null}}]},"9":{"loc":{"start":{"line":15,"column":48},"end":{"line":16,"column":43}},"type":"binary-expr","locations":[{"start":{"line":15,"column":48},"end":{"line":16,"column":null}},{"start":{"line":16,"column":33},"end":{"line":16,"column":43}}]},"10":{"loc":{"start":{"line":16,"column":43},"end":{"line":17,"column":null}},"type":"cond-expr","locations":[{"start":{"line":17,"column":45},"end":{"line":17,"column":null}},{"start":{"line":17,"column":45},"end":{"line":17,"column":null}}]},"11":{"loc":{"start":{"line":16,"column":43},"end":{"line":17,"column":45}},"type":"binary-expr","locations":[{"start":{"line":16,"column":43},"end":{"line":17,"column":null}},{"start":{"line":17,"column":34},"end":{"line":17,"column":45}}]}},"s":{"0":1,"1":1,"2":1,"3":1,"4":1,"5":1,"6":1,"7":1,"8":7,"9":7,"10":7,"11":1,"12":2,"13":2,"14":2,"15":1,"16":1,"17":1,"18":1,"19":0,"20":0,"21":0,"22":0,"23":0,"24":0,"25":0,"26":0,"27":0,"28":0,"29":0,"30":0,"31":0,"32":0,"33":0,"34":0,"35":0,"36":0,"37":0,"38":0,"39":0,"40":0,"41":0,"42":0,"43":0,"44":0,"45":0,"46":0,"47":0,"48":0,"49":0,"50":0,"51":0,"52":0,"53":0,"54":0,"55":0,"56":0,"57":2,"58":2,"59":2,"60":1,"61":1,"62":1,"63":1,"64":1,"65":0,"66":1,"67":1,"68":1,"69":0,"70":1,"71":1,"72":0,"73":0,"74":0,"75":1,"76":1},"f":{"0":7,"1":1,"2":2,"3":0,"4":2,"5":1},"b":{"0":[1,1],"1":[0,0],"2":[1,1],"3":[1,0],"4":[0,1],"5":[0,0],"6":[1,0],"7":[1,1],"8":[1,0],"9":[1,1],"10":[1,0],"11":[1,1]}}
,"C:\\Users\\oscar\\workspace\\Duoc\\fullstackIII\\Unidad3\\Parcial3\\app\\smartLogix-backend\\apps\\ms-orders\\src\\orders\\dto\\create-order.dto.ts": {"path":"C:\\Users\\oscar\\workspace\\Duoc\\fullstackIII\\Unidad3\\Parcial3\\app\\smartLogix-backend\\apps\\ms-orders\\src\\orders\\dto\\create-order.dto.ts","statementMap":{"0":{"start":{"line":1,"column":0},"end":{"line":1,"column":92}},"1":{"start":{"line":2,"column":0},"end":{"line":2,"column":41}},"2":{"start":{"line":3,"column":0},"end":{"line":3,"column":46}},"3":{"start":{"line":6,"column":0},"end":{"line":6,"column":13}},"4":{"start":{"line":14,"column":2},"end":{"line":14,"column":null}},"5":{"start":{"line":23,"column":2},"end":{"line":23,"column":null}},"6":{"start":{"line":27,"column":0},"end":{"line":27,"column":13}},"7":{"start":{"line":36,"column":2},"end":{"line":36,"column":null}},"8":{"start":{"line":34,"column":14},"end":{"line":34,"column":26}}},"fnMap":{"0":{"name":"(anonymous_2)","decl":{"start":{"line":34,"column":8},"end":{"line":34,"column":11}},"loc":{"start":{"line":34,"column":14},"end":{"line":34,"column":26}}}},"branchMap":{},"s":{"0":0,"1":0,"2":0,"3":0,"4":0,"5":0,"6":0,"7":0,"8":0},"f":{"0":0},"b":{}}
,"C:\\Users\\oscar\\workspace\\Duoc\\fullstackIII\\Unidad3\\Parcial3\\app\\smartLogix-backend\\apps\\ms-orders\\src\\orders\\dto\\update-order-status.dto.ts": {"path":"C:\\Users\\oscar\\workspace\\Duoc\\fullstackIII\\Unidad3\\Parcial3\\app\\smartLogix-backend\\apps\\ms-orders\\src\\orders\\dto\\update-order-status.dto.ts","statementMap":{"0":{"start":{"line":1,"column":0},"end":{"line":1,"column":53}},"1":{"start":{"line":2,"column":0},"end":{"line":2,"column":46}},"2":{"start":{"line":3,"column":0},"end":{"line":3,"column":55}},"3":{"start":{"line":5,"column":0},"end":{"line":5,"column":13}},"4":{"start":{"line":13,"column":2},"end":{"line":13,"column":null}}},"fnMap":{},"branchMap":{"0":{"loc":{"start":{"line":13,"column":11},"end":{"line":13,"column":23}},"type":"cond-expr","locations":[{"start":{"line":13,"column":22},"end":{"line":13,"column":23}},{"start":{"line":13,"column":22},"end":{"line":13,"column":23}}]},"1":{"loc":{"start":{"line":13,"column":11},"end":{"line":13,"column":22}},"type":"binary-expr","locations":[{"start":{"line":13,"column":11},"end":{"line":13,"column":23}},{"start":{"line":13,"column":11},"end":{"line":13,"column":22}}]}},"s":{"0":0,"1":0,"2":0,"3":0,"4":0},"f":{},"b":{"0":[0,0],"1":[0,0]}}
,"C:\\Users\\oscar\\workspace\\Duoc\\fullstackIII\\Unidad3\\Parcial3\\app\\smartLogix-backend\\apps\\ms-orders\\src\\orders\\entities\\order-item.entity.ts": {"path":"C:\\Users\\oscar\\workspace\\Duoc\\fullstackIII\\Unidad3\\Parcial3\\app\\smartLogix-backend\\apps\\ms-orders\\src\\orders\\entities\\order-item.entity.ts","statementMap":{"0":{"start":{"line":1,"column":0},"end":{"line":1,"column":88}},"1":{"start":{"line":2,"column":0},"end":{"line":2,"column":39}},"2":{"start":{"line":5,"column":7},"end":{"line":27,"column":null}},"3":{"start":{"line":5,"column":13},"end":{"line":5,"column":22}},"4":{"start":{"line":7,"column":2},"end":{"line":7,"column":null}},"5":{"start":{"line":10,"column":2},"end":{"line":10,"column":null}},"6":{"start":{"line":15,"column":2},"end":{"line":15,"column":null}},"7":{"start":{"line":13,"column":19},"end":{"line":13,"column":24}},"8":{"start":{"line":13,"column":37},"end":{"line":13,"column":48}},"9":{"start":{"line":19,"column":2},"end":{"line":19,"column":null}},"10":{"start":{"line":22,"column":2},"end":{"line":22,"column":null}},"11":{"start":{"line":26,"column":2},"end":{"line":26,"column":null}},"12":{"start":{"line":5,"column":13},"end":{"line":27,"column":null}}},"fnMap":{"0":{"name":"(anonymous_2)","decl":{"start":{"line":13,"column":13},"end":{"line":13,"column":16}},"loc":{"start":{"line":13,"column":19},"end":{"line":13,"column":24}}},"1":{"name":"(anonymous_3)","decl":{"start":{"line":13,"column":26},"end":{"line":13,"column":27}},"loc":{"start":{"line":13,"column":37},"end":{"line":13,"column":48}}}},"branchMap":{"0":{"loc":{"start":{"line":15,"column":10},"end":{"line":15,"column":16}},"type":"cond-expr","locations":[{"start":{"line":15,"column":15},"end":{"line":15,"column":16}},{"start":{"line":15,"column":15},"end":{"line":15,"column":16}}]},"1":{"loc":{"start":{"line":15,"column":10},"end":{"line":15,"column":15}},"type":"binary-expr","locations":[{"start":{"line":15,"column":10},"end":{"line":15,"column":16}},{"start":{"line":15,"column":10},"end":{"line":15,"column":15}}]}},"s":{"0":1,"1":1,"2":1,"3":1,"4":1,"5":1,"6":1,"7":0,"8":0,"9":1,"10":1,"11":1,"12":1},"f":{"0":0,"1":0},"b":{"0":[0,1],"1":[1,0]}}
,"C:\\Users\\oscar\\workspace\\Duoc\\fullstackIII\\Unidad3\\Parcial3\\app\\smartLogix-backend\\apps\\ms-orders\\src\\orders\\entities\\order.entity.ts": {"path":"C:\\Users\\oscar\\workspace\\Duoc\\fullstackIII\\Unidad3\\Parcial3\\app\\smartLogix-backend\\apps\\ms-orders\\src\\orders\\entities\\order.entity.ts","statementMap":{"0":{"start":{"line":1,"column":0},"end":{"line":1,"column":94}},"1":{"start":{"line":2,"column":0},"end":{"line":2,"column":48}},"2":{"start":{"line":4,"column":0},"end":{"line":4,"column":null}},"3":{"start":{"line":5,"column":2},"end":{"line":5,"column":null}},"4":{"start":{"line":6,"column":2},"end":{"line":6,"column":null}},"5":{"start":{"line":7,"column":2},"end":{"line":7,"column":null}},"6":{"start":{"line":11,"column":7},"end":{"line":31,"column":null}},"7":{"start":{"line":11,"column":13},"end":{"line":11,"column":18}},"8":{"start":{"line":13,"column":2},"end":{"line":13,"column":null}},"9":{"start":{"line":20,"column":2},"end":{"line":20,"column":null}},"10":{"start":{"line":23,"column":2},"end":{"line":23,"column":null}},"11":{"start":{"line":26,"column":2},"end":{"line":26,"column":null}},"12":{"start":{"line":30,"column":2},"end":{"line":30,"column":null}},"13":{"start":{"line":29,"column":19},"end":{"line":29,"column":28}},"14":{"start":{"line":29,"column":45},"end":{"line":29,"column":60}},"15":{"start":{"line":11,"column":13},"end":{"line":31,"column":null}}},"fnMap":{"0":{"name":"(anonymous_2)","decl":{"start":{"line":4,"column":0},"end":{"line":4,"column":12}},"loc":{"start":{"line":4,"column":23},"end":{"line":8,"column":1}}},"1":{"name":"(anonymous_3)","decl":{"start":{"line":29,"column":13},"end":{"line":29,"column":16}},"loc":{"start":{"line":29,"column":19},"end":{"line":29,"column":28}}},"2":{"name":"(anonymous_4)","decl":{"start":{"line":29,"column":30},"end":{"line":29,"column":31}},"loc":{"start":{"line":29,"column":45},"end":{"line":29,"column":60}}}},"branchMap":{"0":{"loc":{"start":{"line":4,"column":12},"end":{"line":4,"column":null}},"type":"binary-expr","locations":[{"start":{"line":4,"column":12},"end":{"line":4,"column":23}},{"start":{"line":4,"column":23},"end":{"line":4,"column":null}}]},"1":{"loc":{"start":{"line":26,"column":14},"end":{"line":26,"column":19}},"type":"cond-expr","locations":[{"start":{"line":26,"column":18},"end":{"line":26,"column":19}},{"start":{"line":26,"column":18},"end":{"line":26,"column":19}}]},"2":{"loc":{"start":{"line":26,"column":14},"end":{"line":26,"column":18}},"type":"binary-expr","locations":[{"start":{"line":26,"column":14},"end":{"line":26,"column":19}},{"start":{"line":26,"column":14},"end":{"line":26,"column":18}}]}},"s":{"0":1,"1":1,"2":1,"3":1,"4":1,"5":1,"6":1,"7":1,"8":1,"9":1,"10":1,"11":1,"12":1,"13":0,"14":0,"15":1},"f":{"0":1,"1":0,"2":0},"b":{"0":[1,1],"1":[1,0],"2":[1,1]}}
}
