TN:
SF:src\app.module.ts
FNF:0
FNH:0
DA:1,0
DA:2,0
DA:3,0
DA:4,0
DA:26,0
LF:5
LH:0
BRDA:13,0,0,0
BRDA:13,0,1,0
BRDA:14,1,0,0
BRDA:14,1,1,0
BRDA:15,2,0,0
BRDA:15,2,1,0
BRDA:16,3,0,0
BRDA:16,3,1,0
BRDA:17,4,0,0
BRDA:17,4,1,0
BRF:10
BRH:0
end_of_record
TN:
SF:src\main.ts
FN:6,bootstrap
FNF:1
FNH:0
FNDA:0,bootstrap
DA:1,0
DA:2,0
DA:3,0
DA:4,0
DA:7,0
DA:9,0
DA:10,0
DA:12,0
DA:20,0
DA:23,0
DA:25,0
DA:26,0
DA:27,0
DA:28,0
DA:31,0
LF:15
LH:0
BRDA:25,0,0,0
BRDA:25,0,1,0
BRF:2
BRH:0
end_of_record
TN:
SF:src\inventory\inventory.controller.ts
FN:11,(anonymous_4)
FN:14,(anonymous_5)
FN:19,(anonymous_6)
FN:24,(anonymous_7)
FN:29,(anonymous_8)
FN:34,(anonymous_9)
FN:39,(anonymous_10)
FN:47,(anonymous_11)
FN:52,(anonymous_12)
FN:61,(anonymous_13)
FN:69,(anonymous_14)
FN:78,(anonymous_15)
FN:86,(anonymous_16)
FN:95,(anonymous_17)
FNF:14
FNH:8
FNDA:8,(anonymous_4)
FNDA:1,(anonymous_5)
FNDA:1,(anonymous_6)
FNDA:0,(anonymous_7)
FNDA:0,(anonymous_8)
FNDA:1,(anonymous_9)
FNDA:1,(anonymous_10)
FNDA:0,(anonymous_11)
FNDA:0,(anonymous_12)
FNDA:1,(anonymous_13)
FNDA:0,(anonymous_14)
FNDA:1,(anonymous_15)
FNDA:1,(anonymous_16)
FNDA:0,(anonymous_17)
DA:1,1
DA:2,1
DA:3,1
DA:5,1
DA:6,1
DA:7,1
DA:10,1
DA:11,8
DA:14,1
DA:15,1
DA:19,1
DA:20,1
DA:24,1
DA:25,0
DA:29,1
DA:30,0
DA:34,1
DA:35,1
DA:39,1
DA:43,1
DA:47,1
DA:48,0
DA:52,1
DA:57,0
DA:61,1
DA:65,1
DA:69,1
DA:74,0
DA:78,1
DA:82,1
DA:86,1
DA:90,1
DA:91,1
DA:95,1
DA:96,0
LF:35
LH:29
BRDA:40,0,0,1
BRDA:40,0,1,0
BRDA:40,1,0,1
BRDA:40,1,1,1
BRDA:47,2,0,1
BRDA:47,2,1,0
BRDA:47,3,0,1
BRDA:47,3,1,1
BRDA:63,4,0,1
BRDA:63,4,1,0
BRDA:63,5,0,1
BRDA:63,5,1,1
BRDA:80,6,0,1
BRDA:80,6,1,0
BRDA:80,7,0,1
BRDA:80,7,1,1
BRDA:11,8,0,1
BRDA:11,8,1,0
BRDA:11,9,0,1
BRDA:11,9,1,1
BRF:20
BRH:15
end_of_record
TN:
SF:src\inventory\inventory.module.ts
FNF:0
FNH:0
DA:1,0
DA:2,0
DA:3,0
DA:4,0
DA:6,0
DA:7,0
DA:8,0
DA:9,0
DA:24,0
LF:9
LH:0
BRF:0
BRH:0
end_of_record
TN:
SF:src\inventory\inventory.service.ts
FN:15,(anonymous_4)
FN:28,(anonymous_5)
FN:65,(anonymous_6)
FN:98,(anonymous_7)
FN:114,(anonymous_8)
FN:121,(anonymous_9)
FN:127,(anonymous_10)
FN:137,(anonymous_11)
FN:139,(anonymous_12)
FN:158,(anonymous_13)
FN:168,(anonymous_14)
FN:174,(anonymous_15)
FN:214,(anonymous_16)
FN:224,(anonymous_17)
FN:236,(anonymous_18)
FN:242,(anonymous_19)
FN:258,(anonymous_20)
FN:275,(anonymous_21)
FN:301,(anonymous_22)
FN:320,(anonymous_23)
FNF:20
FNH:0
FNDA:0,(anonymous_4)
FNDA:0,(anonymous_5)
FNDA:0,(anonymous_6)
FNDA:0,(anonymous_7)
FNDA:0,(anonymous_8)
FNDA:0,(anonymous_9)
FNDA:0,(anonymous_10)
FNDA:0,(anonymous_11)
FNDA:0,(anonymous_12)
FNDA:0,(anonymous_13)
FNDA:0,(anonymous_14)
FNDA:0,(anonymous_15)
FNDA:0,(anonymous_16)
FNDA:0,(anonymous_17)
FNDA:0,(anonymous_18)
FNDA:0,(anonymous_19)
FNDA:0,(anonymous_20)
FNDA:0,(anonymous_21)
FNDA:0,(anonymous_22)
FNDA:0,(anonymous_23)
DA:1,1
DA:2,1
DA:3,1
DA:5,1
DA:6,1
DA:7,1
DA:10,1
DA:14,1
DA:17,0
DA:20,0
DA:23,0
DA:25,0
DA:29,0
DA:31,0
DA:32,0
DA:33,0
DA:36,0
DA:37,0
DA:38,0
DA:40,0
DA:41,0
DA:45,0
DA:47,0
DA:51,0
DA:53,0
DA:55,0
DA:58,0
DA:59,0
DA:61,0
DA:66,0
DA:68,0
DA:69,0
DA:70,0
DA:74,0
DA:75,0
DA:76,0
DA:80,0
DA:87,0
DA:90,0
DA:91,0
DA:93,0
DA:99,0
DA:100,0
DA:101,0
DA:102,0
DA:103,0
DA:106,0
DA:107,0
DA:109,0
DA:110,0
DA:115,0
DA:116,0
DA:122,0
DA:128,0
DA:137,0
DA:139,0
DA:141,0
DA:145,0
DA:154,0
DA:159,0
DA:160,0
DA:169,0
DA:175,0
DA:183,0
DA:184,0
DA:188,0
DA:189,0
DA:192,0
DA:197,0
DA:209,0
DA:210,0
DA:215,0
DA:216,0
DA:220,0
DA:225,0
DA:229,0
DA:230,0
DA:233,0
DA:237,0
DA:239,0
DA:245,0
DA:250,0
DA:255,0
DA:261,0
DA:267,0
DA:272,0
DA:276,0
DA:278,0
DA:279,0
DA:280,0
DA:283,0
DA:284,0
DA:289,0
DA:290,0
DA:292,0
DA:302,0
DA:304,0
DA:309,0
DA:314,0
DA:321,0
DA:322,0
DA:326,0
DA:327,0
DA:330,0
DA:332,0
DA:338,0
DA:339,0
LF:107
LH:8
BRDA:32,0,0,0
BRDA:32,0,1,0
BRDA:69,1,0,0
BRDA:69,1,1,0
BRDA:75,2,0,0
BRDA:75,2,1,0
BRDA:83,3,0,0
BRDA:83,3,1,0
BRDA:90,4,0,0
BRDA:90,4,1,0
BRDA:90,5,0,0
BRDA:90,5,1,0
BRDA:102,6,0,0
BRDA:102,6,1,0
BRDA:109,7,0,0
BRDA:109,7,1,0
BRDA:139,8,0,0
BRDA:139,8,1,0
BRDA:141,9,0,0
BRDA:141,9,1,0
BRDA:143,10,0,0
BRDA:143,10,1,0
BRDA:147,11,0,0
BRDA:147,11,1,0
BRDA:148,12,0,0
BRDA:148,12,1,0
BRDA:183,13,0,0
BRDA:183,13,1,0
BRDA:183,14,0,0
BRDA:183,14,1,0
BRDA:189,15,0,0
BRDA:189,15,1,0
BRDA:192,16,0,0
BRDA:192,16,1,0
BRDA:194,17,0,0
BRDA:194,17,1,0
BRDA:202,18,0,0
BRDA:202,18,1,0
BRDA:203,19,0,0
BRDA:203,19,1,0
BRDA:209,20,0,0
BRDA:209,20,1,0
BRDA:229,21,0,0
BRDA:229,21,1,0
BRDA:279,22,0,0
BRDA:279,22,1,0
BRDA:283,23,0,0
BRDA:283,23,1,0
BRDA:283,24,0,0
BRDA:283,24,1,0
BRDA:293,25,0,0
BRDA:293,25,1,0
BRDA:326,26,0,0
BRDA:326,26,1,0
BRDA:338,27,0,0
BRDA:338,27,1,0
BRDA:17,28,0,1
BRDA:17,28,1,0
BRDA:17,29,0,1
BRDA:17,29,1,1
BRDA:17,30,0,1
BRDA:17,30,1,0
BRDA:17,31,0,1
BRDA:17,31,1,1
BRDA:20,32,0,1
BRDA:20,32,1,0
BRDA:20,33,0,1
BRDA:20,33,1,1
BRDA:23,34,0,1
BRDA:23,34,1,0
BRDA:23,35,0,1
BRDA:23,35,1,1
BRF:72
BRH:12
end_of_record
TN:
SF:src\inventory\dto\create-inventory-type.dto.ts
FNF:0
FNH:0
DA:1,1
DA:2,1
DA:4,1
DA:12,1
DA:21,1
LF:5
LH:5
BRF:0
BRH:0
end_of_record
TN:
SF:src\inventory\dto\create-inventory.dto.ts
FNF:0
FNH:0
DA:1,1
DA:2,1
DA:4,1
DA:12,1
DA:21,1
LF:5
LH:5
BRF:0
BRH:0
end_of_record
TN:
SF:src\inventory\dto\create-item.dto.ts
FNF:0
FNH:0
DA:1,1
DA:2,1
DA:4,1
DA:12,1
DA:21,1
DA:31,1
DA:40,1
DA:51,1
DA:60,1
LF:9
LH:9
BRF:0
BRH:0
end_of_record
TN:
SF:src\inventory\dto\update-stock.dto.ts
FNF:0
FNH:0
DA:1,1
DA:2,1
DA:4,1
DA:11,1
LF:4
LH:4
BRF:0
BRH:0
end_of_record
TN:
SF:src\inventory\entities\inventory-item.entity.ts
FN:39,(anonymous_2)
FN:39,(anonymous_3)
FN:44,(anonymous_4)
FN:44,(anonymous_5)
FNF:4
FNH:0
FNDA:0,(anonymous_2)
FNDA:0,(anonymous_3)
FNDA:0,(anonymous_4)
FNDA:0,(anonymous_5)
DA:1,1
DA:2,1
DA:3,1
DA:6,1
DA:8,1
DA:11,1
DA:14,1
DA:17,1
DA:20,1
DA:23,1
DA:26,1
DA:29,1
DA:32,1
DA:39,0
DA:41,1
DA:44,0
DA:46,1
LF:17
LH:15
BRDA:32,0,0,1
BRDA:32,0,1,0
BRDA:32,1,0,1
BRDA:32,1,1,1
BRDA:41,2,0,1
BRDA:41,2,1,0
BRDA:41,3,0,1
BRDA:41,3,1,1
BRDA:46,4,0,0
BRDA:46,4,1,1
BRDA:46,5,0,1
BRDA:46,5,1,0
BRF:12
BRH:8
end_of_record
TN:
SF:src\inventory\entities\inventory-type.entity.ts
FN:19,(anonymous_2)
FN:19,(anonymous_3)
FNF:2
FNH:0
FNDA:0,(anonymous_2)
FNDA:0,(anonymous_3)
DA:1,1
DA:2,1
DA:5,1
DA:7,1
DA:10,1
DA:13,1
DA:16,1
DA:19,0
DA:20,1
LF:9
LH:8
BRDA:16,0,0,1
BRDA:16,0,1,0
BRDA:16,1,0,1
BRDA:16,1,1,1
BRF:4
BRH:3
end_of_record
TN:
SF:src\inventory\entities\inventory.entity.ts
FN:20,(anonymous_2)
FN:20,(anonymous_3)
FN:24,(anonymous_4)
FN:24,(anonymous_5)
FNF:4
FNH:0
FNDA:0,(anonymous_2)
FNDA:0,(anonymous_3)
FNDA:0,(anonymous_4)
FNDA:0,(anonymous_5)
DA:1,1
DA:2,1
DA:3,1
DA:6,1
DA:8,1
DA:11,1
DA:14,1
DA:17,1
DA:20,0
DA:21,1
DA:24,0
DA:25,1
LF:12
LH:10
BRDA:17,0,0,1
BRDA:17,0,1,0
BRDA:17,1,0,1
BRDA:17,1,1,1
BRF:4
BRH:3
end_of_record
TN:
SF:src\inventory\entities\user-inventory.entity.ts
FN:20,(anonymous_2)
FN:20,(anonymous_3)
FNF:2
FNH:0
FNDA:0,(anonymous_2)
FNDA:0,(anonymous_3)
DA:1,1
DA:2,1
DA:6,1
DA:8,1
DA:11,1
DA:14,1
DA:17,1
DA:20,0
DA:22,1
LF:9
LH:8
BRDA:17,0,0,1
BRDA:17,0,1,0
BRDA:17,1,0,1
BRDA:17,1,1,1
BRDA:22,2,0,0
BRDA:22,2,1,1
BRDA:22,3,0,1
BRDA:22,3,1,0
BRF:8
BRH:5
end_of_record
