TN:
SF:src\controller\envios.controller.js
FN:7,(anonymous_0)
FN:20,(anonymous_1)
FN:46,(anonymous_2)
FN:71,(anonymous_3)
FN:87,(anonymous_4)
FN:121,(anonymous_5)
FN:154,(anonymous_6)
FNF:7
FNH:7
FNDA:2,(anonymous_0)
FNDA:4,(anonymous_1)
FNDA:4,(anonymous_2)
FNDA:5,(anonymous_3)
FNDA:6,(anonymous_4)
FNDA:5,(anonymous_5)
FNDA:4,(anonymous_6)
DA:1,1
DA:3,1
DA:8,2
DA:9,2
DA:10,1
DA:12,1
DA:13,1
DA:21,4
DA:22,4
DA:26,4
DA:27,1
DA:30,3
DA:32,2
DA:33,1
DA:36,1
DA:38,1
DA:39,1
DA:47,4
DA:48,4
DA:51,4
DA:53,2
DA:54,1
DA:57,1
DA:59,2
DA:61,2
DA:62,1
DA:64,1
DA:72,5
DA:73,5
DA:75,5
DA:76,1
DA:81,4
DA:82,1
DA:87,6
DA:89,3
DA:100,3
DA:102,1
DA:108,2
DA:109,2
DA:110,1
DA:114,1
DA:122,5
DA:123,5
DA:124,5
DA:126,5
DA:127,5
DA:128,2
DA:131,3
DA:137,2
DA:138,1
DA:141,1
DA:146,1
DA:147,1
DA:155,4
DA:156,4
DA:158,4
DA:160,2
DA:161,1
DA:164,1
DA:166,2
DA:167,1
DA:169,1
DA:174,1
LF:63
LH:63
BRDA:26,0,0,1
BRDA:26,0,1,3
BRDA:32,1,0,1
BRDA:32,1,1,1
BRDA:53,2,0,1
BRDA:53,2,1,1
BRDA:61,3,0,1
BRDA:61,3,1,1
BRDA:75,4,0,1
BRDA:75,4,1,4
BRDA:75,5,0,5
BRDA:75,5,1,4
BRDA:75,5,2,4
BRDA:75,5,3,4
BRDA:81,6,0,1
BRDA:81,6,1,3
BRDA:81,7,0,4
BRDA:81,7,1,3
BRDA:81,7,2,3
BRDA:81,7,3,3
BRDA:81,7,4,3
BRDA:109,8,0,1
BRDA:109,8,1,1
BRDA:127,9,0,2
BRDA:127,9,1,3
BRDA:127,10,0,5
BRDA:127,10,1,4
BRDA:137,11,0,1
BRDA:137,11,1,1
BRDA:160,12,0,1
BRDA:160,12,1,1
BRDA:166,13,0,1
BRDA:166,13,1,1
BRF:33
BRH:33
end_of_record
